Watching for file changes with StatReloader
[30/Mar/2026 05:06:26] "GET / HTTP/1.1" 200 18145
[30/Mar/2026 05:07:29] "GET / HTTP/1.1" 200 18145
Not Found: /favicon.ico
[30/Mar/2026 05:07:35] "GET /favicon.ico HTTP/1.1" 404 3288
[30/Mar/2026 05:07:37] "GET /bookings/ HTTP/1.1" 200 27335
/home/rasheed/Documents/catrin_boys_website/catering_project/staff/models.py changed, reloading.
Performing system checks...

System check identified no issues (0 silenced).
March 30, 2026 - 05:06:22
Django version 4.2.29, using settings 'catering_site.settings'
Starting development server at http://0.0.0.0:8000/
Quit the server with CONTROL-C.

Watching for file changes with StatReloader
/home/rasheed/Documents/catrin_boys_website/catering_project/staff/forms.py changed, reloading.
Performing system checks...

System check identified no issues (0 silenced).
March 30, 2026 - 05:13:31
Django version 4.2.29, using settings 'catering_site.settings'
Starting development server at http://0.0.0.0:8000/
Quit the server with CONTROL-C.

Watching for file changes with StatReloader
[30/Mar/2026 05:16:19] "GET /bookings/ HTTP/1.1" 200 27935
